TN:
SF:src/entity/address.ts
FN:1,get
FN:16,get street
FN:20,get number
FN:24,get zip
FN:28,get city
FN:32,validate
FN:47,toString
FN:7,Address
FNF:8
FNH:3
FNDA:1,get
FNDA:0,get street
FNDA:0,get number
FNDA:0,get zip
FNDA:0,get city
FNDA:1,validate
FNDA:0,toString
FNDA:1,Address
DA:1,1
DA:2,1
DA:3,1
DA:4,1
DA:5,1
DA:6,1
DA:7,1
DA:8,1
DA:9,1
DA:10,1
DA:11,1
DA:12,1
DA:13,1
DA:14,1
DA:15,1
DA:16,1
DA:17,0
DA:18,0
DA:19,1
DA:20,1
DA:21,0
DA:22,0
DA:23,1
DA:24,1
DA:25,0
DA:26,0
DA:27,1
DA:28,1
DA:29,0
DA:30,0
DA:31,1
DA:32,1
DA:33,1
DA:34,0
DA:35,0
DA:36,1
DA:37,0
DA:38,0
DA:39,1
DA:40,0
DA:41,0
DA:42,1
DA:43,0
DA:44,0
DA:45,1
DA:46,1
DA:47,1
DA:48,0
DA:49,0
DA:50,1
LF:50
LH:32
BRDA:1,0,0,1
BRDA:32,1,0,1
BRDA:33,2,0,0
BRDA:36,3,0,0
BRDA:39,4,0,0
BRDA:42,5,0,0
BRDA:7,6,0,1
BRF:7
BRH:3
end_of_record
TN:
SF:src/entity/customer.ts
FN:4,get
FN:18,get id
FN:22,get name
FN:26,validate
FN:36,changeName
FN:41,get Address
FN:45,changeAddress
FN:49,isActive
FN:53,activate
FN:60,deactivate
FN:64,set Address
FN:68,get rewardPoints
FN:72,addRewardsPoints
FN:11,Customer
FNF:14
FNH:10
FNDA:5,get
FNDA:1,get id
FNDA:1,get name
FNDA:6,validate
FNDA:1,changeName
FNDA:0,get Address
FNDA:0,changeAddress
FNDA:0,isActive
FNDA:1,activate
FNDA:0,deactivate
FNDA:1,set Address
FNDA:1,get rewardPoints
FNDA:1,addRewardsPoints
FNDA:5,Customer
DA:1,1
DA:2,1
DA:3,1
DA:4,1
DA:5,1
DA:6,1
DA:7,1
DA:8,1
DA:9,1
DA:10,1
DA:11,1
DA:12,5
DA:13,5
DA:14,5
DA:15,5
DA:16,5
DA:17,1
DA:18,1
DA:19,1
DA:20,1
DA:21,1
DA:22,1
DA:23,1
DA:24,1
DA:25,1
DA:26,1
DA:27,6
DA:28,1
DA:29,1
DA:30,5
DA:31,6
DA:32,1
DA:33,1
DA:34,6
DA:35,1
DA:36,1
DA:37,1
DA:38,1
DA:39,1
DA:40,1
DA:41,1
DA:42,0
DA:43,0
DA:44,1
DA:45,1
DA:46,0
DA:47,0
DA:48,1
DA:49,1
DA:50,0
DA:51,0
DA:52,1
DA:53,1
DA:54,1
DA:55,0
DA:56,0
DA:57,1
DA:58,1
DA:59,1
DA:60,1
DA:61,0
DA:62,0
DA:63,1
DA:64,1
DA:65,1
DA:66,1
DA:67,1
DA:68,1
DA:69,1
DA:70,1
DA:71,1
DA:72,1
DA:73,1
DA:74,1
DA:75,1
LF:75
LH:65
BRDA:4,0,0,5
BRDA:18,1,0,1
BRDA:22,2,0,1
BRDA:26,3,0,6
BRDA:27,4,0,1
BRDA:30,5,0,5
BRDA:31,6,0,1
BRDA:36,7,0,1
BRDA:53,8,0,1
BRDA:54,9,0,0
BRDA:64,10,0,1
BRDA:68,11,0,1
BRDA:72,12,0,1
BRDA:11,13,0,5
BRF:14
BRH:13
end_of_record
TN:
SF:src/entity/order.ts
FN:3,get
FN:17,validate
FN:37,total
FN:9,Order
FNF:4
FNH:4
FNDA:3,get
FNDA:3,validate
FNDA:7,total
FNDA:3,Order
DA:1,1
DA:2,1
DA:3,1
DA:4,1
DA:5,1
DA:6,1
DA:7,1
DA:8,1
DA:9,1
DA:10,3
DA:11,3
DA:12,3
DA:13,3
DA:14,3
DA:15,3
DA:16,1
DA:17,1
DA:18,3
DA:19,0
DA:20,0
DA:21,3
DA:22,3
DA:23,0
DA:24,0
DA:25,3
DA:26,3
DA:27,0
DA:28,0
DA:29,3
DA:30,3
DA:31,0
DA:32,0
DA:33,3
DA:34,3
DA:35,3
DA:36,1
DA:37,1
DA:38,7
DA:39,7
DA:40,1
LF:40
LH:32
BRDA:3,0,0,3
BRDA:17,1,0,3
BRDA:18,2,0,0
BRDA:22,3,0,0
BRDA:26,4,0,0
BRDA:30,5,0,0
BRDA:30,6,0,3
BRDA:37,7,0,7
BRDA:38,8,0,7
BRDA:9,9,0,3
BRF:10
BRH:6
end_of_record
TN:
SF:src/entity/order_item.ts
FN:1,get
FN:16,get price
FN:21,get quantity
FN:25,orderItemTotal
FN:8,OrderItem
FNF:5
FNH:4
FNDA:3,get
FNDA:0,get price
FNDA:3,get quantity
FNDA:7,orderItemTotal
FNDA:3,OrderItem
DA:1,1
DA:2,1
DA:3,1
DA:4,1
DA:5,1
DA:6,1
DA:7,1
DA:8,1
DA:9,3
DA:10,3
DA:11,3
DA:12,3
DA:13,3
DA:14,3
DA:15,1
DA:16,1
DA:17,0
DA:18,0
DA:19,0
DA:20,1
DA:21,1
DA:22,3
DA:23,3
DA:24,1
DA:25,1
DA:26,7
DA:27,7
DA:28,1
LF:28
LH:25
BRDA:1,0,0,3
BRDA:21,1,0,3
BRDA:25,2,0,7
BRDA:8,3,0,3
BRF:4
BRH:4
end_of_record
TN:
SF:src/entity/product.ts
FN:1,get
FN:13,get name
FN:17,get price
FN:21,changeName
FN:26,changePrice
FN:31,validate
FN:6,Product
FNF:7
FNH:5
FNDA:3,get
FNDA:0,get name
FNDA:6,get price
FNDA:0,changeName
FNDA:2,changePrice
FNDA:5,validate
FNDA:3,Product
DA:1,1
DA:2,1
DA:3,1
DA:4,1
DA:5,1
DA:6,1
DA:7,3
DA:8,3
DA:9,3
DA:10,3
DA:11,3
DA:12,1
DA:13,1
DA:14,0
DA:15,0
DA:16,1
DA:17,1
DA:18,6
DA:19,6
DA:20,1
DA:21,1
DA:22,0
DA:23,0
DA:24,0
DA:25,1
DA:26,1
DA:27,2
DA:28,2
DA:29,2
DA:30,1
DA:31,1
DA:32,5
DA:33,1
DA:34,1
DA:35,4
DA:36,4
DA:37,4
DA:38,1
LF:38
LH:33
BRDA:1,0,0,3
BRDA:17,1,0,6
BRDA:26,2,0,2
BRDA:31,3,0,5
BRDA:32,4,0,1
BRDA:35,5,0,4
BRDA:6,6,0,3
BRF:7
BRH:7
end_of_record
TN:
SF:src/service/order.service.ts
FN:6,get
FN:8,placeOrder
FN:19,total
FNF:3
FNH:3
FNDA:2,get
FNDA:1,placeOrder
FNDA:1,total
DA:1,1
DA:2,1
DA:3,1
DA:4,1
DA:5,1
DA:6,1
DA:7,1
DA:8,1
DA:9,1
DA:10,0
DA:11,0
DA:12,1
DA:13,1
DA:14,1
DA:15,1
DA:16,1
DA:17,1
DA:18,1
DA:19,1
DA:20,1
DA:21,1
DA:22,1
DA:23,1
LF:23
LH:21
BRDA:6,0,0,2
BRDA:8,1,0,1
BRDA:9,2,0,0
BRDA:19,3,0,1
BRDA:21,4,0,2
BRF:5
BRH:4
end_of_record
TN:
SF:src/service/product.service.ts
FN:3,get
FN:4,increasePrice
FNF:2
FNH:2
FNDA:1,get
FNDA:1,increasePrice
DA:1,1
DA:2,1
DA:3,1
DA:4,1
DA:5,1
DA:6,2
DA:7,2
DA:8,1
DA:9,1
DA:10,1
DA:11,1
LF:11
LH:11
BRDA:3,0,0,1
BRDA:4,1,0,1
BRDA:5,2,0,2
BRF:3
BRH:3
end_of_record
