TN:
SF:dist/entity/address.js
FN:15,get street
FN:18,get number
FN:21,get zip
FN:24,get city
FN:27,validate
FN:41,toString
FN:4,Address
FNF:7
FNH:2
FNDA:0,get street
FNDA:0,get number
FNDA:0,get zip
FNDA:0,get city
FNDA:1,validate
FNDA:0,toString
FNDA:1,Address
DA:1,1
DA:2,1
DA:3,1
DA:4,1
DA:5,1
DA:6,1
DA:7,1
DA:8,1
DA:9,1
DA:10,1
DA:11,1
DA:12,1
DA:13,1
DA:14,1
DA:15,1
DA:16,0
DA:17,0
DA:18,1
DA:19,0
DA:20,0
DA:21,1
DA:22,0
DA:23,0
DA:24,1
DA:25,0
DA:26,0
DA:27,1
DA:28,1
DA:29,0
DA:30,0
DA:31,1
DA:32,0
DA:33,0
DA:34,1
DA:35,0
DA:36,0
DA:37,1
DA:38,0
DA:39,0
DA:40,1
DA:41,1
DA:42,0
DA:43,0
DA:44,1
DA:45,1
LF:45
LH:27
BRDA:27,0,0,1
BRDA:28,1,0,0
BRDA:31,2,0,0
BRDA:34,3,0,0
BRDA:37,4,0,0
BRDA:4,5,0,1
BRF:6
BRH:2
end_of_record
TN:
SF:dist/entity/customer.js
FN:10,get name
FN:13,validate
FN:21,changeName
FN:25,get Address
FN:28,changeAddress
FN:31,isActive
FN:34,activate
FN:40,deactivate
FN:43,set Address
FN:4,Customer
FNF:10
FNH:6
FNDA:1,get name
FNDA:5,validate
FNDA:1,changeName
FNDA:0,get Address
FNDA:0,changeAddress
FNDA:0,isActive
FNDA:1,activate
FNDA:0,deactivate
FNDA:1,set Address
FNDA:4,Customer
DA:1,1
DA:2,1
DA:3,1
DA:4,1
DA:5,4
DA:6,4
DA:7,4
DA:8,4
DA:9,4
DA:10,1
DA:11,1
DA:12,1
DA:13,1
DA:14,5
DA:15,1
DA:16,1
DA:17,5
DA:18,1
DA:19,1
DA:20,5
DA:21,1
DA:22,1
DA:23,1
DA:24,1
DA:25,1
DA:26,0
DA:27,0
DA:28,1
DA:29,0
DA:30,0
DA:31,1
DA:32,0
DA:33,0
DA:34,1
DA:35,1
DA:36,0
DA:37,0
DA:38,1
DA:39,1
DA:40,1
DA:41,0
DA:42,0
DA:43,1
DA:44,1
DA:45,1
DA:46,1
DA:47,1
LF:47
LH:37
BRDA:10,0,0,1
BRDA:13,1,0,5
BRDA:14,2,0,1
BRDA:17,3,0,4
BRDA:17,4,0,1
BRDA:21,5,0,1
BRDA:34,6,0,1
BRDA:35,7,0,0
BRDA:43,8,0,1
BRDA:4,9,0,4
BRF:10
BRH:9
end_of_record
TN:
SF:dist/entity/product.js
FN:10,get name
FN:13,get price
FN:16,changeName
FN:20,changePrice
FN:24,validate
FN:4,Product
FNF:6
FNH:2
FNDA:0,get name
FNDA:0,get price
FNDA:0,changeName
FNDA:0,changePrice
FNDA:1,validate
FNDA:1,Product
DA:1,1
DA:2,1
DA:3,1
DA:4,1
DA:5,1
DA:6,1
DA:7,1
DA:8,1
DA:9,1
DA:10,1
DA:11,0
DA:12,0
DA:13,1
DA:14,0
DA:15,0
DA:16,1
DA:17,0
DA:18,0
DA:19,0
DA:20,1
DA:21,0
DA:22,0
DA:23,0
DA:24,1
DA:25,1
DA:26,1
DA:27,1
DA:28,0
DA:29,0
DA:30,1
DA:31,1
LF:31
LH:19
BRDA:24,0,0,1
BRDA:28,1,0,0
BRDA:4,2,0,1
BRF:3
BRH:2
end_of_record
TN:
SF:src/entity/address.ts
FN:1,get
FN:16,get street
FN:20,get number
FN:24,get zip
FN:28,get city
FN:32,validate
FN:47,toString
FN:7,Address
FNF:8
FNH:3
FNDA:1,get
FNDA:0,get street
FNDA:0,get number
FNDA:0,get zip
FNDA:0,get city
FNDA:1,validate
FNDA:0,toString
FNDA:1,Address
DA:1,1
DA:2,1
DA:3,1
DA:4,1
DA:5,1
DA:6,1
DA:7,1
DA:8,1
DA:9,1
DA:10,1
DA:11,1
DA:12,1
DA:13,1
DA:14,1
DA:15,1
DA:16,1
DA:17,0
DA:18,0
DA:19,1
DA:20,1
DA:21,0
DA:22,0
DA:23,1
DA:24,1
DA:25,0
DA:26,0
DA:27,1
DA:28,1
DA:29,0
DA:30,0
DA:31,1
DA:32,1
DA:33,1
DA:34,0
DA:35,0
DA:36,1
DA:37,0
DA:38,0
DA:39,1
DA:40,0
DA:41,0
DA:42,1
DA:43,0
DA:44,0
DA:45,1
DA:46,1
DA:47,1
DA:48,0
DA:49,0
DA:50,1
LF:50
LH:32
BRDA:1,0,0,1
BRDA:32,1,0,1
BRDA:33,2,0,0
BRDA:36,3,0,0
BRDA:39,4,0,0
BRDA:42,5,0,0
BRDA:7,6,0,1
BRF:7
BRH:3
end_of_record
TN:
SF:src/entity/customer.ts
FN:4,get
FN:17,get name
FN:21,validate
FN:31,changeName
FN:36,get Address
FN:40,changeAddress
FN:44,isActive
FN:48,activate
FN:55,deactivate
FN:59,set Address
FN:10,Customer
FNF:11
FNH:7
FNDA:4,get
FNDA:1,get name
FNDA:5,validate
FNDA:1,changeName
FNDA:0,get Address
FNDA:0,changeAddress
FNDA:0,isActive
FNDA:1,activate
FNDA:0,deactivate
FNDA:1,set Address
FNDA:4,Customer
DA:1,1
DA:2,1
DA:3,1
DA:4,1
DA:5,1
DA:6,1
DA:7,1
DA:8,1
DA:9,1
DA:10,1
DA:11,4
DA:12,4
DA:13,4
DA:14,4
DA:15,4
DA:16,1
DA:17,1
DA:18,1
DA:19,1
DA:20,1
DA:21,1
DA:22,5
DA:23,1
DA:24,1
DA:25,4
DA:26,5
DA:27,1
DA:28,1
DA:29,5
DA:30,1
DA:31,1
DA:32,1
DA:33,1
DA:34,1
DA:35,1
DA:36,1
DA:37,0
DA:38,0
DA:39,1
DA:40,1
DA:41,0
DA:42,0
DA:43,1
DA:44,1
DA:45,0
DA:46,0
DA:47,1
DA:48,1
DA:49,1
DA:50,0
DA:51,0
DA:52,1
DA:53,1
DA:54,1
DA:55,1
DA:56,0
DA:57,0
DA:58,1
DA:59,1
DA:60,1
DA:61,1
DA:62,1
LF:62
LH:52
BRDA:4,0,0,4
BRDA:17,1,0,1
BRDA:21,2,0,5
BRDA:22,3,0,1
BRDA:25,4,0,4
BRDA:26,5,0,1
BRDA:31,6,0,1
BRDA:48,7,0,1
BRDA:49,8,0,0
BRDA:59,9,0,1
BRDA:10,10,0,4
BRF:11
BRH:10
end_of_record
TN:
SF:src/entity/product.ts
FN:1,get
FN:13,get name
FN:17,get price
FN:21,changeName
FN:26,changePrice
FN:31,validate
FN:6,Product
FNF:7
FNH:3
FNDA:1,get
FNDA:0,get name
FNDA:0,get price
FNDA:0,changeName
FNDA:0,changePrice
FNDA:1,validate
FNDA:1,Product
DA:1,1
DA:2,1
DA:3,1
DA:4,1
DA:5,1
DA:6,1
DA:7,1
DA:8,1
DA:9,1
DA:10,1
DA:11,1
DA:12,1
DA:13,1
DA:14,0
DA:15,0
DA:16,1
DA:17,1
DA:18,0
DA:19,0
DA:20,1
DA:21,1
DA:22,0
DA:23,0
DA:24,0
DA:25,1
DA:26,1
DA:27,0
DA:28,0
DA:29,0
DA:30,1
DA:31,1
DA:32,1
DA:33,1
DA:34,1
DA:35,0
DA:36,0
DA:37,0
DA:38,1
LF:38
LH:25
BRDA:1,0,0,1
BRDA:31,1,0,1
BRDA:35,2,0,0
BRDA:6,3,0,1
BRF:4
BRH:3
end_of_record
